<?xml version="1.0" encoding="UTF-8"?>
<!-- Generated by org.testng.reporters.JUnitReportReporter -->
<testsuite hostname="INHL1267" failures="0" tests="1" name="infosys_maven_Pro.LoginTest" time="6.112" errors="0" timestamp="2023-02-27T11:31:37 IST" skipped="0">
  <testcase classname="infosys_maven_Pro.LoginTest" name="logInTest" time="6.112"/>
  <system-out/>
</testsuite> <!-- infosys_maven_Pro.LoginTest -->
